{"/home/dm/creations/babylonjs/typographia-v2/ts/fontLoader.ts": {"path":"/home/dm/creations/babylonjs/typographia-v2/ts/fontLoader.ts","statementMap":{"0":{"start":{"line":1,"column":17},"end":{"line":1,"column":75}},"1":{"start":{"line":2,"column":16},"end":{"line":2,"column":57}},"2":{"start":{"line":3,"column":15},"end":{"line":3,"column":120}},"3":{"start":{"line":4,"column":17},"end":{"line":4,"column":122}},"4":{"start":{"line":5,"column":12},"end":{"line":5,"column":52}},"5":{"start":{"line":6,"column":16},"end":{"line":6,"column":39}},"6":{"start":{"line":8,"column":13},"end":{"line":89,"column":null}},"7":{"start":{"line":9,"column":17},"end":{"line":9,"column":26}},"8":{"start":{"line":10,"column":4},"end":{"line":12,"column":null}},"9":{"start":{"line":11,"column":8},"end":{"line":11,"column":22}},"10":{"start":{"line":14,"column":4},"end":{"line":16,"column":null}},"11":{"start":{"line":15,"column":8},"end":{"line":15,"column":25}},"12":{"start":{"line":17,"column":4},"end":{"line":19,"column":null}},"13":{"start":{"line":18,"column":8},"end":{"line":18,"column":24}},"14":{"start":{"line":20,"column":4},"end":{"line":22,"column":null}},"15":{"start":{"line":21,"column":8},"end":{"line":21,"column":26}},"16":{"start":{"line":23,"column":4},"end":{"line":25,"column":null}},"17":{"start":{"line":24,"column":8},"end":{"line":24,"column":32}},"18":{"start":{"line":26,"column":4},"end":{"line":28,"column":null}},"19":{"start":{"line":27,"column":8},"end":{"line":27,"column":32}},"20":{"start":{"line":29,"column":4},"end":{"line":31,"column":null}},"21":{"start":{"line":30,"column":8},"end":{"line":30,"column":31}},"22":{"start":{"line":32,"column":4},"end":{"line":34,"column":null}},"23":{"start":{"line":33,"column":8},"end":{"line":33,"column":31}},"24":{"start":{"line":35,"column":4},"end":{"line":37,"column":null}},"25":{"start":{"line":36,"column":8},"end":{"line":36,"column":25}},"26":{"start":{"line":38,"column":4},"end":{"line":40,"column":null}},"27":{"start":{"line":39,"column":8},"end":{"line":39,"column":29}},"28":{"start":{"line":41,"column":4},"end":{"line":43,"column":null}},"29":{"start":{"line":42,"column":8},"end":{"line":42,"column":29}},"30":{"start":{"line":44,"column":4},"end":{"line":46,"column":null}},"31":{"start":{"line":45,"column":8},"end":{"line":45,"column":36}},"32":{"start":{"line":47,"column":4},"end":{"line":49,"column":null}},"33":{"start":{"line":48,"column":8},"end":{"line":48,"column":29}},"34":{"start":{"line":50,"column":4},"end":{"line":52,"column":null}},"35":{"start":{"line":51,"column":8},"end":{"line":51,"column":30}},"36":{"start":{"line":54,"column":4},"end":{"line":56,"column":null}},"37":{"start":{"line":55,"column":8},"end":{"line":55,"column":20}},"38":{"start":{"line":58,"column":4},"end":{"line":60,"column":null}},"39":{"start":{"line":59,"column":8},"end":{"line":59,"column":24}},"40":{"start":{"line":61,"column":4},"end":{"line":63,"column":null}},"41":{"start":{"line":62,"column":8},"end":{"line":62,"column":23}},"42":{"start":{"line":64,"column":4},"end":{"line":66,"column":null}},"43":{"start":{"line":65,"column":8},"end":{"line":65,"column":23}},"44":{"start":{"line":67,"column":4},"end":{"line":69,"column":null}},"45":{"start":{"line":68,"column":8},"end":{"line":68,"column":25}},"46":{"start":{"line":70,"column":4},"end":{"line":72,"column":null}},"47":{"start":{"line":71,"column":8},"end":{"line":71,"column":24}},"48":{"start":{"line":73,"column":4},"end":{"line":75,"column":null}},"49":{"start":{"line":74,"column":8},"end":{"line":74,"column":24}},"50":{"start":{"line":76,"column":4},"end":{"line":78,"column":null}},"51":{"start":{"line":77,"column":8},"end":{"line":77,"column":23}},"52":{"start":{"line":79,"column":4},"end":{"line":81,"column":null}},"53":{"start":{"line":80,"column":8},"end":{"line":80,"column":25}},"54":{"start":{"line":82,"column":4},"end":{"line":84,"column":null}},"55":{"start":{"line":83,"column":8},"end":{"line":83,"column":25}},"56":{"start":{"line":85,"column":4},"end":{"line":87,"column":null}},"57":{"start":{"line":86,"column":8},"end":{"line":86,"column":24}},"58":{"start":{"line":88,"column":4},"end":{"line":88,"column":null}},"59":{"start":{"line":91,"column":13},"end":{"line":113,"column":null}},"60":{"start":{"line":92,"column":33},"end":{"line":92,"column":35}},"61":{"start":{"line":93,"column":12},"end":{"line":93,"column":23}},"62":{"start":{"line":95,"column":8},"end":{"line":111,"column":null}},"63":{"start":{"line":95,"column":19},"end":{"line":95,"column":20}},"64":{"start":{"line":96,"column":12},"end":{"line":110,"column":14}},"65":{"start":{"line":97,"column":20},"end":{"line":108,"column":23}},"66":{"start":{"line":98,"column":35},"end":{"line":98,"column":47}},"67":{"start":{"line":102,"column":24},"end":{"line":102,"column":45}},"68":{"start":{"line":103,"column":24},"end":{"line":103,"column":45}},"69":{"start":{"line":104,"column":24},"end":{"line":104,"column":47}},"70":{"start":{"line":105,"column":24},"end":{"line":105,"column":74}},"71":{"start":{"line":107,"column":24},"end":{"line":107,"column":38}},"72":{"start":{"line":112,"column":4},"end":{"line":112,"column":null}},"73":{"start":{"line":115,"column":13},"end":{"line":126,"column":null}},"74":{"start":{"line":116,"column":14},"end":{"line":116,"column":31}},"75":{"start":{"line":117,"column":15},"end":{"line":117,"column":37}},"76":{"start":{"line":118,"column":4},"end":{"line":125,"column":null}},"77":{"start":{"line":120,"column":16},"end":{"line":120,"column":51}},"78":{"start":{"line":121,"column":8},"end":{"line":121,"column":27}},"79":{"start":{"line":122,"column":8},"end":{"line":122,"column":26}},"80":{"start":{"line":123,"column":8},"end":{"line":123,"column":29}},"81":{"start":{"line":124,"column":8},"end":{"line":124,"column":25}},"82":{"start":{"line":128,"column":13},"end":{"line":133,"column":null}},"83":{"start":{"line":129,"column":15},"end":{"line":129,"column":52}},"84":{"start":{"line":130,"column":4},"end":{"line":132,"column":null}},"85":{"start":{"line":131,"column":8},"end":{"line":131,"column":21}},"86":{"start":{"line":143,"column":4},"end":{"line":143,"column":26}},"87":{"start":{"line":144,"column":4},"end":{"line":144,"column":36}},"88":{"start":{"line":145,"column":4},"end":{"line":145,"column":40}},"89":{"start":{"line":141,"column":0},"end":{"line":141,"column":13}}},"fnMap":{"0":{"name":"(anonymous_0)","decl":{"start":{"line":8,"column":27},"end":{"line":8,"column":28}},"loc":{"start":{"line":8,"column":53},"end":{"line":89,"column":1}}},"1":{"name":"(anonymous_1)","decl":{"start":{"line":91,"column":25},"end":{"line":91,"column":26}},"loc":{"start":{"line":91,"column":98},"end":{"line":113,"column":1}}},"2":{"name":"(anonymous_2)","decl":{"start":{"line":96,"column":36},"end":{"line":96,"column":45}},"loc":{"start":{"line":96,"column":52},"end":{"line":109,"column":17}}},"3":{"name":"(anonymous_3)","decl":{"start":{"line":97,"column":81},"end":{"line":97,"column":91}},"loc":{"start":{"line":97,"column":100},"end":{"line":108,"column":21}}},"4":{"name":"(anonymous_4)","decl":{"start":{"line":115,"column":30},"end":{"line":115,"column":31}},"loc":{"start":{"line":115,"column":75},"end":{"line":126,"column":1}}},"5":{"name":"(anonymous_5)","decl":{"start":{"line":128,"column":32},"end":{"line":128,"column":33}},"loc":{"start":{"line":128,"column":63},"end":{"line":133,"column":1}}},"6":{"name":"(anonymous_6)","decl":{"start":{"line":142,"column":4},"end":{"line":142,"column":19}},"loc":{"start":{"line":142,"column":4},"end":{"line":142,"column":20}}}},"branchMap":{"0":{"loc":{"start":{"line":10,"column":4},"end":{"line":12,"column":null}},"type":"if","locations":[{"start":{"line":10,"column":4},"end":{"line":12,"column":null}},{"start":{"line":10,"column":4},"end":{"line":12,"column":null}}]},"1":{"loc":{"start":{"line":14,"column":4},"end":{"line":16,"column":null}},"type":"if","locations":[{"start":{"line":14,"column":4},"end":{"line":16,"column":null}},{"start":{"line":14,"column":4},"end":{"line":16,"column":null}}]},"2":{"loc":{"start":{"line":17,"column":4},"end":{"line":19,"column":null}},"type":"if","locations":[{"start":{"line":17,"column":4},"end":{"line":19,"column":null}},{"start":{"line":17,"column":4},"end":{"line":19,"column":null}}]},"3":{"loc":{"start":{"line":20,"column":4},"end":{"line":22,"column":null}},"type":"if","locations":[{"start":{"line":20,"column":4},"end":{"line":22,"column":null}},{"start":{"line":20,"column":4},"end":{"line":22,"column":null}}]},"4":{"loc":{"start":{"line":23,"column":4},"end":{"line":25,"column":null}},"type":"if","locations":[{"start":{"line":23,"column":4},"end":{"line":25,"column":null}},{"start":{"line":23,"column":4},"end":{"line":25,"column":null}}]},"5":{"loc":{"start":{"line":26,"column":4},"end":{"line":28,"column":null}},"type":"if","locations":[{"start":{"line":26,"column":4},"end":{"line":28,"column":null}},{"start":{"line":26,"column":4},"end":{"line":28,"column":null}}]},"6":{"loc":{"start":{"line":29,"column":4},"end":{"line":31,"column":null}},"type":"if","locations":[{"start":{"line":29,"column":4},"end":{"line":31,"column":null}},{"start":{"line":29,"column":4},"end":{"line":31,"column":null}}]},"7":{"loc":{"start":{"line":32,"column":4},"end":{"line":34,"column":null}},"type":"if","locations":[{"start":{"line":32,"column":4},"end":{"line":34,"column":null}},{"start":{"line":32,"column":4},"end":{"line":34,"column":null}}]},"8":{"loc":{"start":{"line":35,"column":4},"end":{"line":37,"column":null}},"type":"if","locations":[{"start":{"line":35,"column":4},"end":{"line":37,"column":null}},{"start":{"line":35,"column":4},"end":{"line":37,"column":null}}]},"9":{"loc":{"start":{"line":38,"column":4},"end":{"line":40,"column":null}},"type":"if","locations":[{"start":{"line":38,"column":4},"end":{"line":40,"column":null}},{"start":{"line":38,"column":4},"end":{"line":40,"column":null}}]},"10":{"loc":{"start":{"line":41,"column":4},"end":{"line":43,"column":null}},"type":"if","locations":[{"start":{"line":41,"column":4},"end":{"line":43,"column":null}},{"start":{"line":41,"column":4},"end":{"line":43,"column":null}}]},"11":{"loc":{"start":{"line":44,"column":4},"end":{"line":46,"column":null}},"type":"if","locations":[{"start":{"line":44,"column":4},"end":{"line":46,"column":null}},{"start":{"line":44,"column":4},"end":{"line":46,"column":null}}]},"12":{"loc":{"start":{"line":47,"column":4},"end":{"line":49,"column":null}},"type":"if","locations":[{"start":{"line":47,"column":4},"end":{"line":49,"column":null}},{"start":{"line":47,"column":4},"end":{"line":49,"column":null}}]},"13":{"loc":{"start":{"line":50,"column":4},"end":{"line":52,"column":null}},"type":"if","locations":[{"start":{"line":50,"column":4},"end":{"line":52,"column":null}},{"start":{"line":50,"column":4},"end":{"line":52,"column":null}}]},"14":{"loc":{"start":{"line":54,"column":4},"end":{"line":56,"column":null}},"type":"if","locations":[{"start":{"line":54,"column":4},"end":{"line":56,"column":null}},{"start":{"line":54,"column":4},"end":{"line":56,"column":null}}]},"15":{"loc":{"start":{"line":58,"column":4},"end":{"line":60,"column":null}},"type":"if","locations":[{"start":{"line":58,"column":4},"end":{"line":60,"column":null}},{"start":{"line":58,"column":4},"end":{"line":60,"column":null}}]},"16":{"loc":{"start":{"line":61,"column":4},"end":{"line":63,"column":null}},"type":"if","locations":[{"start":{"line":61,"column":4},"end":{"line":63,"column":null}},{"start":{"line":61,"column":4},"end":{"line":63,"column":null}}]},"17":{"loc":{"start":{"line":64,"column":4},"end":{"line":66,"column":null}},"type":"if","locations":[{"start":{"line":64,"column":4},"end":{"line":66,"column":null}},{"start":{"line":64,"column":4},"end":{"line":66,"column":null}}]},"18":{"loc":{"start":{"line":67,"column":4},"end":{"line":69,"column":null}},"type":"if","locations":[{"start":{"line":67,"column":4},"end":{"line":69,"column":null}},{"start":{"line":67,"column":4},"end":{"line":69,"column":null}}]},"19":{"loc":{"start":{"line":70,"column":4},"end":{"line":72,"column":null}},"type":"if","locations":[{"start":{"line":70,"column":4},"end":{"line":72,"column":null}},{"start":{"line":70,"column":4},"end":{"line":72,"column":null}}]},"20":{"loc":{"start":{"line":73,"column":4},"end":{"line":75,"column":null}},"type":"if","locations":[{"start":{"line":73,"column":4},"end":{"line":75,"column":null}},{"start":{"line":73,"column":4},"end":{"line":75,"column":null}}]},"21":{"loc":{"start":{"line":76,"column":4},"end":{"line":78,"column":null}},"type":"if","locations":[{"start":{"line":76,"column":4},"end":{"line":78,"column":null}},{"start":{"line":76,"column":4},"end":{"line":78,"column":null}}]},"22":{"loc":{"start":{"line":79,"column":4},"end":{"line":81,"column":null}},"type":"if","locations":[{"start":{"line":79,"column":4},"end":{"line":81,"column":null}},{"start":{"line":79,"column":4},"end":{"line":81,"column":null}}]},"23":{"loc":{"start":{"line":82,"column":4},"end":{"line":84,"column":null}},"type":"if","locations":[{"start":{"line":82,"column":4},"end":{"line":84,"column":null}},{"start":{"line":82,"column":4},"end":{"line":84,"column":null}}]},"24":{"loc":{"start":{"line":85,"column":4},"end":{"line":87,"column":null}},"type":"if","locations":[{"start":{"line":85,"column":4},"end":{"line":87,"column":null}},{"start":{"line":85,"column":4},"end":{"line":87,"column":null}}]},"25":{"loc":{"start":{"line":118,"column":4},"end":{"line":125,"column":null}},"type":"if","locations":[{"start":{"line":118,"column":4},"end":{"line":125,"column":null}},{"start":{"line":118,"column":4},"end":{"line":125,"column":null}}]},"26":{"loc":{"start":{"line":130,"column":4},"end":{"line":132,"column":null}},"type":"if","locations":[{"start":{"line":130,"column":4},"end":{"line":132,"column":null}},{"start":{"line":130,"column":4},"end":{"line":132,"column":null}}]}},"s":{"0":1,"1":1,"2":1,"3":1,"4":1,"5":1,"6":1,"7":97,"8":97,"9":54,"10":97,"11":2,"12":97,"13":2,"14":97,"15":2,"16":97,"17":2,"18":97,"19":2,"20":97,"21":2,"22":97,"23":2,"24":97,"25":2,"26":97,"27":2,"28":97,"29":2,"30":97,"31":2,"32":97,"33":2,"34":97,"35":2,"36":97,"37":1,"38":97,"39":2,"40":97,"41":2,"42":97,"43":1,"44":97,"45":1,"46":97,"47":1,"48":97,"49":1,"50":97,"51":1,"52":97,"53":1,"54":97,"55":1,"56":97,"57":1,"58":97,"59":1,"60":1,"61":1,"62":1,"63":1,"64":76,"65":76,"66":0,"67":0,"68":0,"69":0,"70":0,"71":0,"72":1,"73":1,"74":2,"75":2,"76":2,"77":1,"78":1,"79":1,"80":1,"81":1,"82":1,"83":2,"84":2,"85":1,"86":0,"87":0,"88":0,"89":1},"f":{"0":97,"1":1,"2":76,"3":0,"4":2,"5":2,"6":0},"b":{"0":[54,43],"1":[2,95],"2":[2,95],"3":[2,95],"4":[2,95],"5":[2,95],"6":[2,95],"7":[2,95],"8":[2,95],"9":[2,95],"10":[2,95],"11":[2,95],"12":[2,95],"13":[2,95],"14":[1,96],"15":[2,95],"16":[2,95],"17":[1,96],"18":[1,96],"19":[1,96],"20":[1,96],"21":[1,96],"22":[1,96],"23":[1,96],"24":[1,96],"25":[1,1],"26":[1,1]}}
,"/home/dm/creations/babylonjs/typographia-v2/ts/game.ts": {"path":"/home/dm/creations/babylonjs/typographia-v2/ts/game.ts","statementMap":{"0":{"start":{"line":1,"column":0},"end":{"line":1,"column":59}},"1":{"start":{"line":2,"column":0},"end":{"line":2,"column":66}},"2":{"start":{"line":3,"column":0},"end":{"line":3,"column":56}},"3":{"start":{"line":4,"column":0},"end":{"line":4,"column":46}},"4":{"start":{"line":5,"column":0},"end":{"line":5,"column":53}},"5":{"start":{"line":6,"column":0},"end":{"line":6,"column":74}},"6":{"start":{"line":7,"column":0},"end":{"line":7,"column":75}},"7":{"start":{"line":9,"column":0},"end":{"line":9,"column":42}},"8":{"start":{"line":10,"column":0},"end":{"line":10,"column":49}},"9":{"start":{"line":11,"column":0},"end":{"line":11,"column":42}},"10":{"start":{"line":12,"column":0},"end":{"line":12,"column":56}},"11":{"start":{"line":13,"column":0},"end":{"line":13,"column":42}},"12":{"start":{"line":35,"column":4},"end":{"line":35,"column":74}},"13":{"start":{"line":36,"column":4},"end":{"line":36,"column":37}},"14":{"start":{"line":37,"column":4},"end":{"line":37,"column":35}},"15":{"start":{"line":38,"column":4},"end":{"line":38,"column":80}},"16":{"start":{"line":39,"column":4},"end":{"line":39,"column":77}},"17":{"start":{"line":40,"column":4},"end":{"line":40,"column":30}},"18":{"start":{"line":41,"column":4},"end":{"line":41,"column":34}},"19":{"start":{"line":42,"column":4},"end":{"line":42,"column":34}},"20":{"start":{"line":43,"column":4},"end":{"line":43,"column":14}},"21":{"start":{"line":44,"column":4},"end":{"line":44,"column":44}},"22":{"start":{"line":47,"column":8},"end":{"line":47,"column":62}},"23":{"start":{"line":48,"column":8},"end":{"line":48,"column":39}},"24":{"start":{"line":49,"column":8},"end":{"line":49,"column":46}},"25":{"start":{"line":51,"column":8},"end":{"line":51,"column":48}},"26":{"start":{"line":57,"column":8},"end":{"line":57,"column":35}},"27":{"start":{"line":58,"column":8},"end":{"line":58,"column":56}},"28":{"start":{"line":59,"column":8},"end":{"line":59,"column":66}},"29":{"start":{"line":61,"column":8},"end":{"line":63,"column":11}},"30":{"start":{"line":62,"column":12},"end":{"line":62,"column":33}},"31":{"start":{"line":65,"column":8},"end":{"line":65,"column":38}},"32":{"start":{"line":70,"column":18},"end":{"line":70,"column":55}},"33":{"start":{"line":71,"column":19},"end":{"line":71,"column":34}},"34":{"start":{"line":72,"column":18},"end":{"line":72,"column":28}},"35":{"start":{"line":73,"column":19},"end":{"line":73,"column":34}},"36":{"start":{"line":74,"column":18},"end":{"line":78,"column":null}},"37":{"start":{"line":80,"column":8},"end":{"line":90,"column":13}},"38":{"start":{"line":82,"column":12},"end":{"line":84,"column":null}},"39":{"start":{"line":82,"column":23},"end":{"line":82,"column":24}},"40":{"start":{"line":83,"column":16},"end":{"line":83,"column":60}},"41":{"start":{"line":85,"column":12},"end":{"line":85,"column":40}},"42":{"start":{"line":87,"column":12},"end":{"line":87,"column":40}},"43":{"start":{"line":88,"column":35},"end":{"line":88,"column":91}},"44":{"start":{"line":89,"column":12},"end":{"line":89,"column":55}},"45":{"start":{"line":114,"column":8},"end":{"line":123,"column":11}},"46":{"start":{"line":115,"column":12},"end":{"line":121,"column":14}},"47":{"start":{"line":122,"column":12},"end":{"line":122,"column":32}},"48":{"start":{"line":34,"column":0},"end":{"line":34,"column":13}}},"fnMap":{"0":{"name":"(anonymous_0)","decl":{"start":{"line":46,"column":4},"end":{"line":46,"column":null}},"loc":{"start":{"line":46,"column":4},"end":{"line":66,"column":5}}},"1":{"name":"(anonymous_1)","decl":{"start":{"line":61,"column":42},"end":{"line":61,"column":45}},"loc":{"start":{"line":61,"column":47},"end":{"line":63,"column":9}}},"2":{"name":"(anonymous_2)","decl":{"start":{"line":68,"column":11},"end":{"line":68,"column":22}},"loc":{"start":{"line":68,"column":22},"end":{"line":111,"column":5}}},"3":{"name":"(anonymous_3)","decl":{"start":{"line":80,"column":36},"end":{"line":80,"column":39}},"loc":{"start":{"line":80,"column":41},"end":{"line":86,"column":11}}},"4":{"name":"(anonymous_4)","decl":{"start":{"line":86,"column":19},"end":{"line":86,"column":20}},"loc":{"start":{"line":86,"column":30},"end":{"line":90,"column":11}}},"5":{"name":"(anonymous_5)","decl":{"start":{"line":113,"column":11},"end":{"line":113,"column":14}},"loc":{"start":{"line":113,"column":14},"end":{"line":124,"column":5}}},"6":{"name":"(anonymous_6)","decl":{"start":{"line":114,"column":34},"end":{"line":114,"column":37}},"loc":{"start":{"line":114,"column":39},"end":{"line":123,"column":9}}}},"branchMap":{},"s":{"0":0,"1":0,"2":0,"3":0,"4":0,"5":0,"6":0,"7":0,"8":0,"9":0,"10":0,"11":0,"12":0,"13":0,"14":0,"15":0,"16":0,"17":0,"18":0,"19":0,"20":0,"21":0,"22":0,"23":0,"24":0,"25":0,"26":0,"27":0,"28":0,"29":0,"30":0,"31":0,"32":0,"33":0,"34":0,"35":0,"36":0,"37":0,"38":0,"39":0,"40":0,"41":0,"42":0,"43":0,"44":0,"45":0,"46":0,"47":0,"48":0},"f":{"0":0,"1":0,"2":0,"3":0,"4":0,"5":0,"6":0},"b":{}}
,"/home/dm/creations/babylonjs/typographia-v2/ts/gameConfig.ts": {"path":"/home/dm/creations/babylonjs/typographia-v2/ts/gameConfig.ts","statementMap":{"0":{"start":{"line":1,"column":0},"end":{"line":1,"column":39}},"1":{"start":{"line":26,"column":8},"end":{"line":26,"column":43}},"2":{"start":{"line":27,"column":8},"end":{"line":27,"column":23}},"3":{"start":{"line":30,"column":31},"end":{"line":30,"column":89}},"4":{"start":{"line":31,"column":8},"end":{"line":31,"column":56}},"5":{"start":{"line":35,"column":31},"end":{"line":35,"column":89}},"6":{"start":{"line":36,"column":8},"end":{"line":36,"column":48}},"7":{"start":{"line":21,"column":0},"end":{"line":21,"column":13}},"8":{"start":{"line":49,"column":13},"end":{"line":52,"column":null}},"9":{"start":{"line":50,"column":12},"end":{"line":50,"column":54}},"10":{"start":{"line":51,"column":4},"end":{"line":51,"column":20}},"11":{"start":{"line":54,"column":13},"end":{"line":62,"column":null}},"12":{"start":{"line":57,"column":8},"end":{"line":61,"column":null}},"13":{"start":{"line":58,"column":12},"end":{"line":60,"column":null}},"14":{"start":{"line":59,"column":16},"end":{"line":59,"column":29}},"15":{"start":{"line":65,"column":4},"end":{"line":65,"column":44}},"16":{"start":{"line":66,"column":4},"end":{"line":66,"column":48}},"17":{"start":{"line":67,"column":4},"end":{"line":75,"column":6}},"18":{"start":{"line":76,"column":4},"end":{"line":76,"column":84}},"19":{"start":{"line":79,"column":19},"end":{"line":79,"column":63}},"20":{"start":{"line":80,"column":18},"end":{"line":82,"column":27}},"21":{"start":{"line":84,"column":8},"end":{"line":87,"column":10}},"22":{"start":{"line":88,"column":8},"end":{"line":88,"column":29}},"23":{"start":{"line":64,"column":0},"end":{"line":64,"column":13}}},"fnMap":{"0":{"name":"(anonymous_1)","decl":{"start":{"line":25,"column":4},"end":{"line":25,"column":16}},"loc":{"start":{"line":25,"column":52},"end":{"line":28,"column":5}}},"1":{"name":"(anonymous_2)","decl":{"start":{"line":29,"column":11},"end":{"line":29,"column":27}},"loc":{"start":{"line":29,"column":27},"end":{"line":32,"column":5}}},"2":{"name":"(anonymous_3)","decl":{"start":{"line":34,"column":11},"end":{"line":34,"column":24}},"loc":{"start":{"line":34,"column":24},"end":{"line":37,"column":5}}},"3":{"name":"(anonymous_4)","decl":{"start":{"line":49,"column":35},"end":{"line":49,"column":36}},"loc":{"start":{"line":49,"column":79},"end":{"line":52,"column":1}}},"4":{"name":"(anonymous_5)","decl":{"start":{"line":54,"column":34},"end":{"line":54,"column":null}},"loc":{"start":{"line":56,"column":36},"end":{"line":62,"column":1}}},"5":{"name":"(anonymous_6)","decl":{"start":{"line":78,"column":4},"end":{"line":78,"column":null}},"loc":{"start":{"line":78,"column":4},"end":{"line":89,"column":5}}}},"branchMap":{"0":{"loc":{"start":{"line":58,"column":12},"end":{"line":60,"column":null}},"type":"if","locations":[{"start":{"line":58,"column":12},"end":{"line":60,"column":null}},{"start":{"line":58,"column":12},"end":{"line":60,"column":null}}]}},"s":{"0":1,"1":1,"2":1,"3":1,"4":1,"5":1,"6":1,"7":1,"8":1,"9":5,"10":5,"11":1,"12":3,"13":5,"14":2,"15":0,"16":0,"17":0,"18":0,"19":0,"20":0,"21":0,"22":0,"23":1},"f":{"0":1,"1":1,"2":1,"3":5,"4":3,"5":0},"b":{"0":[2,3]}}
,"/home/dm/creations/babylonjs/typographia-v2/ts/gameLogic.ts": {"path":"/home/dm/creations/babylonjs/typographia-v2/ts/gameLogic.ts","statementMap":{"0":{"start":{"line":3,"column":13},"end":{"line":9,"column":null}},"1":{"start":{"line":5,"column":4},"end":{"line":7,"column":null}},"2":{"start":{"line":6,"column":8},"end":{"line":6,"column":27}},"3":{"start":{"line":8,"column":4},"end":{"line":8,"column":41}},"4":{"start":{"line":11,"column":13},"end":{"line":43,"column":null}},"5":{"start":{"line":12,"column":12},"end":{"line":12,"column":35}},"6":{"start":{"line":15,"column":14},"end":{"line":15,"column":20}},"7":{"start":{"line":16,"column":14},"end":{"line":16,"column":20}},"8":{"start":{"line":18,"column":4},"end":{"line":24,"column":null}},"9":{"start":{"line":20,"column":16},"end":{"line":20,"column":51}},"10":{"start":{"line":21,"column":8},"end":{"line":23,"column":null}},"11":{"start":{"line":22,"column":12},"end":{"line":22,"column":69}},"12":{"start":{"line":25,"column":4},"end":{"line":33,"column":null}},"13":{"start":{"line":27,"column":8},"end":{"line":32,"column":null}},"14":{"start":{"line":28,"column":20},"end":{"line":28,"column":55}},"15":{"start":{"line":29,"column":12},"end":{"line":31,"column":null}},"16":{"start":{"line":30,"column":16},"end":{"line":30,"column":73}},"17":{"start":{"line":36,"column":4},"end":{"line":38,"column":null}},"18":{"start":{"line":36,"column":17},"end":{"line":36,"column":24}},"19":{"start":{"line":37,"column":8},"end":{"line":37,"column":null}},"20":{"start":{"line":39,"column":4},"end":{"line":41,"column":null}},"21":{"start":{"line":39,"column":17},"end":{"line":39,"column":24}},"22":{"start":{"line":40,"column":8},"end":{"line":40,"column":null}},"23":{"start":{"line":42,"column":4},"end":{"line":42,"column":13}}},"fnMap":{"0":{"name":"(anonymous_0)","decl":{"start":{"line":3,"column":31},"end":{"line":3,"column":32}},"loc":{"start":{"line":3,"column":42},"end":{"line":9,"column":1}}},"1":{"name":"(anonymous_1)","decl":{"start":{"line":11,"column":34},"end":{"line":11,"column":35}},"loc":{"start":{"line":11,"column":101},"end":{"line":43,"column":1}}}},"branchMap":{"0":{"loc":{"start":{"line":5,"column":4},"end":{"line":7,"column":null}},"type":"if","locations":[{"start":{"line":5,"column":4},"end":{"line":7,"column":null}},{"start":{"line":5,"column":4},"end":{"line":7,"column":null}}]},"1":{"loc":{"start":{"line":18,"column":4},"end":{"line":24,"column":null}},"type":"if","locations":[{"start":{"line":18,"column":4},"end":{"line":24,"column":null}},{"start":{"line":18,"column":4},"end":{"line":24,"column":null}}]},"2":{"loc":{"start":{"line":18,"column":8},"end":{"line":18,"column":21}},"type":"binary-expr","locations":[{"start":{"line":18,"column":8},"end":{"line":18,"column":21}},{"start":{"line":18,"column":25},"end":{"line":18,"column":33}}]},"3":{"loc":{"start":{"line":21,"column":8},"end":{"line":23,"column":null}},"type":"if","locations":[{"start":{"line":21,"column":8},"end":{"line":23,"column":null}},{"start":{"line":21,"column":8},"end":{"line":23,"column":null}}]},"4":{"loc":{"start":{"line":25,"column":4},"end":{"line":33,"column":null}},"type":"if","locations":[{"start":{"line":25,"column":4},"end":{"line":33,"column":null}},{"start":{"line":25,"column":4},"end":{"line":33,"column":null}}]},"5":{"loc":{"start":{"line":25,"column":8},"end":{"line":25,"column":21}},"type":"binary-expr","locations":[{"start":{"line":25,"column":8},"end":{"line":25,"column":21}},{"start":{"line":25,"column":25},"end":{"line":25,"column":51}}]},"6":{"loc":{"start":{"line":27,"column":8},"end":{"line":32,"column":null}},"type":"if","locations":[{"start":{"line":27,"column":8},"end":{"line":32,"column":null}},{"start":{"line":27,"column":8},"end":{"line":32,"column":null}}]},"7":{"loc":{"start":{"line":29,"column":12},"end":{"line":31,"column":null}},"type":"if","locations":[{"start":{"line":29,"column":12},"end":{"line":31,"column":null}},{"start":{"line":29,"column":12},"end":{"line":31,"column":null}}]}},"s":{"0":1,"1":7,"2":7,"3":7,"4":1,"5":4,"6":4,"7":4,"8":4,"9":2,"10":2,"11":1,"12":4,"13":1,"14":0,"15":0,"16":0,"17":4,"18":4,"19":8,"20":4,"21":4,"22":8,"23":4},"f":{"0":7,"1":4},"b":{"0":[7,0],"1":[2,2],"2":[4,2],"3":[1,1],"4":[1,3],"5":[4,1],"6":[0,1],"7":[0,0]}}
,"/home/dm/creations/babylonjs/typographia-v2/ts/index.ts": {"path":"/home/dm/creations/babylonjs/typographia-v2/ts/index.ts","statementMap":{"0":{"start":{"line":1,"column":0},"end":{"line":1,"column":30}},"1":{"start":{"line":4,"column":11},"end":{"line":4,"column":21}},"2":{"start":{"line":7,"column":0},"end":{"line":7,"column":19}},"3":{"start":{"line":10,"column":0},"end":{"line":10,"column":11}}},"fnMap":{},"branchMap":{},"s":{"0":0,"1":0,"2":0,"3":0},"f":{},"b":{}}
,"/home/dm/creations/babylonjs/typographia-v2/ts/shaders.ts": {"path":"/home/dm/creations/babylonjs/typographia-v2/ts/shaders.ts","statementMap":{"0":{"start":{"line":1,"column":0},"end":{"line":1,"column":74}},"1":{"start":{"line":2,"column":0},"end":{"line":2,"column":58}},"2":{"start":{"line":4,"column":0},"end":{"line":4,"column":53}},"3":{"start":{"line":8,"column":8},"end":{"line":21,"column":14}},"4":{"start":{"line":23,"column":8},"end":{"line":26,"column":12}},"5":{"start":{"line":29,"column":29},"end":{"line":36,"column":14}},"6":{"start":{"line":38,"column":8},"end":{"line":38,"column":43}},"7":{"start":{"line":39,"column":8},"end":{"line":39,"column":68}},"8":{"start":{"line":40,"column":8},"end":{"line":40,"column":46}},"9":{"start":{"line":6,"column":0},"end":{"line":6,"column":13}}},"fnMap":{"0":{"name":"(anonymous_0)","decl":{"start":{"line":7,"column":4},"end":{"line":7,"column":16}},"loc":{"start":{"line":7,"column":32},"end":{"line":41,"column":5}}}},"branchMap":{},"s":{"0":0,"1":0,"2":0,"3":0,"4":0,"5":0,"6":0,"7":0,"8":0,"9":0},"f":{"0":0},"b":{}}
,"/home/dm/creations/babylonjs/typographia-v2/ts/textLoader.ts": {"path":"/home/dm/creations/babylonjs/typographia-v2/ts/textLoader.ts","statementMap":{"0":{"start":{"line":2,"column":0},"end":{"line":2,"column":78}},"1":{"start":{"line":4,"column":21},"end":{"line":4,"column":53}},"2":{"start":{"line":11,"column":0},"end":{"line":11,"column":13}},"3":{"start":{"line":16,"column":13},"end":{"line":48,"column":null}},"4":{"start":{"line":25,"column":17},"end":{"line":25,"column":47}},"5":{"start":{"line":28,"column":22},"end":{"line":28,"column":71}},"6":{"start":{"line":29,"column":20},"end":{"line":29,"column":75}},"7":{"start":{"line":30,"column":16},"end":{"line":30,"column":40}},"8":{"start":{"line":32,"column":8},"end":{"line":39,"column":10}},"9":{"start":{"line":33,"column":22},"end":{"line":33,"column":54}},"10":{"start":{"line":35,"column":12},"end":{"line":37,"column":14}},"11":{"start":{"line":36,"column":16},"end":{"line":36,"column":70}},"12":{"start":{"line":38,"column":12},"end":{"line":38,"column":34}},"13":{"start":{"line":41,"column":8},"end":{"line":45,"column":null}},"14":{"start":{"line":42,"column":12},"end":{"line":44,"column":15}},"15":{"start":{"line":43,"column":16},"end":{"line":43,"column":42}},"16":{"start":{"line":47,"column":8},"end":{"line":47,"column":17}},"17":{"start":{"line":56,"column":13},"end":{"line":79,"column":null}},"18":{"start":{"line":57,"column":4},"end":{"line":78,"column":7}},"19":{"start":{"line":58,"column":8},"end":{"line":77,"column":null}},"20":{"start":{"line":61,"column":16},"end":{"line":68,"column":18}},"21":{"start":{"line":69,"column":16},"end":{"line":69,"column":null}},"22":{"start":{"line":70,"column":16},"end":{"line":70,"column":30}},"23":{"start":{"line":73,"column":16},"end":{"line":73,"column":45}},"24":{"start":{"line":74,"column":16},"end":{"line":74,"column":38}},"25":{"start":{"line":83,"column":4},"end":{"line":83,"column":26}},"26":{"start":{"line":84,"column":4},"end":{"line":84,"column":36}},"27":{"start":{"line":85,"column":4},"end":{"line":85,"column":73}},"28":{"start":{"line":85,"column":41},"end":{"line":85,"column":71}},"29":{"start":{"line":81,"column":0},"end":{"line":81,"column":13}}},"fnMap":{"0":{"name":"(anonymous_0)","decl":{"start":{"line":16,"column":25},"end":{"line":16,"column":null}},"loc":{"start":{"line":23,"column":18},"end":{"line":48,"column":1}}},"1":{"name":"(anonymous_1)","decl":{"start":{"line":42,"column":33},"end":{"line":42,"column":34}},"loc":{"start":{"line":42,"column":47},"end":{"line":44,"column":13}}},"2":{"name":"(anonymous_2)","decl":{"start":{"line":56,"column":24},"end":{"line":56,"column":25}},"loc":{"start":{"line":56,"column":81},"end":{"line":79,"column":1}}},"3":{"name":"(anonymous_3)","decl":{"start":{"line":57,"column":23},"end":{"line":57,"column":24}},"loc":{"start":{"line":57,"column":43},"end":{"line":78,"column":5}}},"4":{"name":"(anonymous_4)","decl":{"start":{"line":60,"column":12},"end":{"line":60,"column":13}},"loc":{"start":{"line":60,"column":40},"end":{"line":71,"column":13}}},"5":{"name":"(anonymous_5)","decl":{"start":{"line":72,"column":12},"end":{"line":72,"column":13}},"loc":{"start":{"line":72,"column":40},"end":{"line":75,"column":13}}},"6":{"name":"(anonymous_6)","decl":{"start":{"line":76,"column":12},"end":{"line":76,"column":13}},"loc":{"start":{"line":76,"column":27},"end":{"line":76,"column":30}}},"7":{"name":"(anonymous_7)","decl":{"start":{"line":82,"column":4},"end":{"line":82,"column":19}},"loc":{"start":{"line":82,"column":4},"end":{"line":82,"column":20}}},"8":{"name":"(anonymous_8)","decl":{"start":{"line":85,"column":15},"end":{"line":85,"column":16}},"loc":{"start":{"line":85,"column":38},"end":{"line":85,"column":72}}}},"branchMap":{"0":{"loc":{"start":{"line":28,"column":44},"end":{"line":28,"column":45}},"type":"cond-expr","locations":[{"start":{"line":28,"column":44},"end":{"line":28,"column":45}},{"start":{"line":28,"column":48},"end":{"line":28,"column":71}}]},"1":{"loc":{"start":{"line":29,"column":40},"end":{"line":29,"column":51}},"type":"cond-expr","locations":[{"start":{"line":29,"column":40},"end":{"line":29,"column":51}},{"start":{"line":29,"column":54},"end":{"line":29,"column":75}}]},"2":{"loc":{"start":{"line":32,"column":8},"end":{"line":39,"column":10}},"type":"if","locations":[{"start":{"line":32,"column":8},"end":{"line":39,"column":10}},{"start":{"line":32,"column":8},"end":{"line":39,"column":10}}]},"3":{"loc":{"start":{"line":41,"column":8},"end":{"line":45,"column":null}},"type":"if","locations":[{"start":{"line":41,"column":8},"end":{"line":45,"column":null}},{"start":{"line":41,"column":8},"end":{"line":45,"column":null}}]}},"s":{"0":2,"1":2,"2":2,"3":2,"4":4,"5":4,"6":4,"7":4,"8":4,"9":2,"10":2,"11":2,"12":2,"13":4,"14":2,"15":4,"16":4,"17":2,"18":1,"19":1,"20":1,"21":1,"22":1,"23":0,"24":0,"25":1,"26":1,"27":1,"28":0,"29":2},"f":{"0":4,"1":4,"2":1,"3":1,"4":1,"5":0,"6":0,"7":1,"8":0},"b":{"0":[2,2],"1":[2,2],"2":[2,2],"3":[2,2]}}
}
