TN:
SF:ts/fontLoader.ts
FN:8,(anonymous_0)
FN:91,(anonymous_1)
FN:96,(anonymous_2)
FN:97,(anonymous_3)
FN:115,(anonymous_4)
FN:128,(anonymous_5)
FN:142,(anonymous_6)
FNF:7
FNH:5
FNDA:97,(anonymous_0)
FNDA:1,(anonymous_1)
FNDA:76,(anonymous_2)
FNDA:0,(anonymous_3)
FNDA:2,(anonymous_4)
FNDA:2,(anonymous_5)
FNDA:0,(anonymous_6)
DA:1,1
DA:2,1
DA:3,1
DA:4,1
DA:5,1
DA:6,1
DA:8,1
DA:9,97
DA:10,97
DA:11,54
DA:14,97
DA:15,2
DA:17,97
DA:18,2
DA:20,97
DA:21,2
DA:23,97
DA:24,2
DA:26,97
DA:27,2
DA:29,97
DA:30,2
DA:32,97
DA:33,2
DA:35,97
DA:36,2
DA:38,97
DA:39,2
DA:41,97
DA:42,2
DA:44,97
DA:45,2
DA:47,97
DA:48,2
DA:50,97
DA:51,2
DA:54,97
DA:55,1
DA:58,97
DA:59,2
DA:61,97
DA:62,2
DA:64,97
DA:65,1
DA:67,97
DA:68,1
DA:70,97
DA:71,1
DA:73,97
DA:74,1
DA:76,97
DA:77,1
DA:79,97
DA:80,1
DA:82,97
DA:83,1
DA:85,97
DA:86,1
DA:88,97
DA:91,1
DA:92,1
DA:93,1
DA:95,1
DA:96,76
DA:97,76
DA:98,0
DA:102,0
DA:103,0
DA:104,0
DA:105,0
DA:107,0
DA:112,1
DA:115,1
DA:116,2
DA:117,2
DA:118,2
DA:120,1
DA:121,1
DA:122,1
DA:123,1
DA:124,1
DA:128,1
DA:129,2
DA:130,2
DA:131,1
DA:141,1
DA:143,0
DA:144,0
DA:145,0
LF:89
LH:80
BRDA:10,0,0,54
BRDA:10,0,1,43
BRDA:14,1,0,2
BRDA:14,1,1,95
BRDA:17,2,0,2
BRDA:17,2,1,95
BRDA:20,3,0,2
BRDA:20,3,1,95
BRDA:23,4,0,2
BRDA:23,4,1,95
BRDA:26,5,0,2
BRDA:26,5,1,95
BRDA:29,6,0,2
BRDA:29,6,1,95
BRDA:32,7,0,2
BRDA:32,7,1,95
BRDA:35,8,0,2
BRDA:35,8,1,95
BRDA:38,9,0,2
BRDA:38,9,1,95
BRDA:41,10,0,2
BRDA:41,10,1,95
BRDA:44,11,0,2
BRDA:44,11,1,95
BRDA:47,12,0,2
BRDA:47,12,1,95
BRDA:50,13,0,2
BRDA:50,13,1,95
BRDA:54,14,0,1
BRDA:54,14,1,96
BRDA:58,15,0,2
BRDA:58,15,1,95
BRDA:61,16,0,2
BRDA:61,16,1,95
BRDA:64,17,0,1
BRDA:64,17,1,96
BRDA:67,18,0,1
BRDA:67,18,1,96
BRDA:70,19,0,1
BRDA:70,19,1,96
BRDA:73,20,0,1
BRDA:73,20,1,96
BRDA:76,21,0,1
BRDA:76,21,1,96
BRDA:79,22,0,1
BRDA:79,22,1,96
BRDA:82,23,0,1
BRDA:82,23,1,96
BRDA:85,24,0,1
BRDA:85,24,1,96
BRDA:118,25,0,1
BRDA:118,25,1,1
BRDA:130,26,0,1
BRDA:130,26,1,1
BRF:54
BRH:54
end_of_record
TN:
SF:ts/game.ts
FN:46,(anonymous_0)
FN:61,(anonymous_1)
FN:68,(anonymous_2)
FN:80,(anonymous_3)
FN:86,(anonymous_4)
FN:113,(anonymous_5)
FN:114,(anonymous_6)
FNF:7
FNH:0
FNDA:0,(anonymous_0)
FNDA:0,(anonymous_1)
FNDA:0,(anonymous_2)
FNDA:0,(anonymous_3)
FNDA:0,(anonymous_4)
FNDA:0,(anonymous_5)
FNDA:0,(anonymous_6)
DA:1,0
DA:2,0
DA:3,0
DA:4,0
DA:5,0
DA:6,0
DA:7,0
DA:9,0
DA:10,0
DA:11,0
DA:12,0
DA:13,0
DA:34,0
DA:35,0
DA:36,0
DA:37,0
DA:38,0
DA:39,0
DA:40,0
DA:41,0
DA:42,0
DA:43,0
DA:44,0
DA:47,0
DA:48,0
DA:49,0
DA:51,0
DA:57,0
DA:58,0
DA:59,0
DA:61,0
DA:62,0
DA:65,0
DA:70,0
DA:71,0
DA:72,0
DA:73,0
DA:74,0
DA:80,0
DA:82,0
DA:83,0
DA:85,0
DA:87,0
DA:88,0
DA:89,0
DA:114,0
DA:115,0
DA:122,0
LF:48
LH:0
BRF:0
BRH:0
end_of_record
TN:
SF:ts/gameConfig.ts
FN:25,(anonymous_1)
FN:29,(anonymous_2)
FN:34,(anonymous_3)
FN:49,(anonymous_4)
FN:54,(anonymous_5)
FN:78,(anonymous_6)
FNF:6
FNH:5
FNDA:1,(anonymous_1)
FNDA:1,(anonymous_2)
FNDA:1,(anonymous_3)
FNDA:5,(anonymous_4)
FNDA:3,(anonymous_5)
FNDA:0,(anonymous_6)
DA:1,1
DA:21,1
DA:26,1
DA:27,1
DA:30,1
DA:31,1
DA:35,1
DA:36,1
DA:49,1
DA:50,5
DA:51,5
DA:54,1
DA:57,3
DA:58,5
DA:59,2
DA:64,1
DA:65,0
DA:66,0
DA:67,0
DA:76,0
DA:79,0
DA:80,0
DA:84,0
DA:88,0
LF:24
LH:16
BRDA:58,0,0,2
BRDA:58,0,1,3
BRF:2
BRH:2
end_of_record
TN:
SF:ts/gameLogic.ts
FN:3,(anonymous_0)
FN:11,(anonymous_1)
FNF:2
FNH:2
FNDA:7,(anonymous_0)
FNDA:4,(anonymous_1)
DA:3,1
DA:5,7
DA:6,7
DA:8,7
DA:11,1
DA:12,4
DA:15,4
DA:16,4
DA:18,4
DA:20,2
DA:21,2
DA:22,1
DA:25,4
DA:27,1
DA:28,0
DA:29,0
DA:30,0
DA:36,4
DA:37,8
DA:39,4
DA:40,8
DA:42,4
LF:22
LH:19
BRDA:5,0,0,7
BRDA:5,0,1,0
BRDA:18,1,0,2
BRDA:18,1,1,2
BRDA:18,2,0,4
BRDA:18,2,1,2
BRDA:21,3,0,1
BRDA:21,3,1,1
BRDA:25,4,0,1
BRDA:25,4,1,3
BRDA:25,5,0,4
BRDA:25,5,1,1
BRDA:27,6,0,0
BRDA:27,6,1,1
BRDA:29,7,0,0
BRDA:29,7,1,0
BRF:16
BRH:12
end_of_record
TN:
SF:ts/index.ts
FNF:0
FNH:0
DA:1,0
DA:4,0
DA:7,0
DA:10,0
LF:4
LH:0
BRF:0
BRH:0
end_of_record
TN:
SF:ts/shaders.ts
FN:7,(anonymous_0)
FNF:1
FNH:0
FNDA:0,(anonymous_0)
DA:1,0
DA:2,0
DA:4,0
DA:6,0
DA:8,0
DA:23,0
DA:29,0
DA:38,0
DA:39,0
DA:40,0
LF:10
LH:0
BRF:0
BRH:0
end_of_record
TN:
SF:ts/textLoader.ts
FN:16,(anonymous_0)
FN:42,(anonymous_1)
FN:56,(anonymous_2)
FN:57,(anonymous_3)
FN:60,(anonymous_4)
FN:72,(anonymous_5)
FN:76,(anonymous_6)
FN:82,(anonymous_7)
FN:85,(anonymous_8)
FNF:9
FNH:6
FNDA:4,(anonymous_0)
FNDA:4,(anonymous_1)
FNDA:1,(anonymous_2)
FNDA:1,(anonymous_3)
FNDA:1,(anonymous_4)
FNDA:0,(anonymous_5)
FNDA:0,(anonymous_6)
FNDA:1,(anonymous_7)
FNDA:0,(anonymous_8)
DA:2,2
DA:4,2
DA:11,2
DA:16,2
DA:25,4
DA:28,4
DA:29,4
DA:30,4
DA:32,4
DA:33,2
DA:35,2
DA:36,2
DA:38,2
DA:41,4
DA:42,2
DA:43,4
DA:47,4
DA:56,2
DA:57,1
DA:58,1
DA:61,1
DA:69,1
DA:70,1
DA:73,0
DA:74,0
DA:81,2
DA:83,1
DA:84,1
DA:85,1
LF:29
LH:27
BRDA:28,0,0,2
BRDA:28,0,1,2
BRDA:29,1,0,2
BRDA:29,1,1,2
BRDA:32,2,0,2
BRDA:32,2,1,2
BRDA:41,3,0,2
BRDA:41,3,1,2
BRF:8
BRH:8
end_of_record
